<?xml version="1.0" encoding="UTF-8"?>
<testng-results ignored="0" total="2" passed="2" failed="0" skipped="0">
  <reporter-output>
  </reporter-output>
  <suite started-at="2023-09-26T13:52:56 IST" name="Suite" finished-at="2023-09-26T13:53:30 IST" duration-ms="34002">
    <groups>
    </groups>
    <test started-at="2023-09-26T13:52:56 IST" name="End To End Test" finished-at="2023-09-26T13:53:30 IST" duration-ms="34002">
      <class name="testComponenents.EndToEndTest">
        <test-method is-config="true" signature="setUp()[pri:0, instance:testComponenents.EndToEndTest@7a35b0f5]" started-at="2023-09-26T13:52:56 IST" name="setUp" finished-at="2023-09-26T13:53:04 IST" duration-ms="8594" status="PASS">
          <reporter-output>
          </reporter-output>
        </test-method> <!-- setUp -->
        <test-method is-config="true" signature="loadApplication()[pri:0, instance:testComponenents.EndToEndTest@7a35b0f5]" started-at="2023-09-26T13:53:04 IST" name="loadApplication" finished-at="2023-09-26T13:53:05 IST" depends-on-methods="testComponenents.BaseTest.setUp" duration-ms="1080" status="PASS">
          <reporter-output>
          </reporter-output>
        </test-method> <!-- loadApplication -->
        <test-method signature="productSelection(java.util.HashMap)[pri:0, instance:testComponenents.EndToEndTest@7a35b0f5]" started-at="2023-09-26T13:53:05 IST" name="productSelection" data-provider="getData" finished-at="2023-09-26T13:53:16 IST" duration-ms="10460" status="PASS">
          <params>
            <param index="0">
              <value>
                <![CDATA[{country=India, password=Ashok@123, product=ADIDAS ORIGINAL, email=ashok123@gmail.com}]]>
              </value>
            </param>
          </params>
          <reporter-output>
          </reporter-output>
        </test-method> <!-- productSelection -->
        <test-method is-config="true" signature="tearDown()[pri:0, instance:testComponenents.EndToEndTest@7a35b0f5]" started-at="2023-09-26T13:53:16 IST" name="tearDown" finished-at="2023-09-26T13:53:16 IST" duration-ms="647" status="PASS">
          <reporter-output>
          </reporter-output>
        </test-method> <!-- tearDown -->
        <test-method is-config="true" signature="setUp()[pri:0, instance:testComponenents.EndToEndTest@7a35b0f5]" started-at="2023-09-26T13:53:16 IST" name="setUp" finished-at="2023-09-26T13:53:18 IST" duration-ms="1725" status="PASS">
          <reporter-output>
          </reporter-output>
        </test-method> <!-- setUp -->
        <test-method is-config="true" signature="loadApplication()[pri:0, instance:testComponenents.EndToEndTest@7a35b0f5]" started-at="2023-09-26T13:53:18 IST" name="loadApplication" finished-at="2023-09-26T13:53:19 IST" depends-on-methods="testComponenents.BaseTest.setUp" duration-ms="706" status="PASS">
          <reporter-output>
          </reporter-output>
        </test-method> <!-- loadApplication -->
        <test-method signature="productSelection(java.util.HashMap)[pri:0, instance:testComponenents.EndToEndTest@7a35b0f5]" started-at="2023-09-26T13:53:19 IST" name="productSelection" data-provider="getData" finished-at="2023-09-26T13:53:29 IST" duration-ms="10282" status="PASS">
          <params>
            <param index="0">
              <value>
                <![CDATA[{country=India, password=Amit@123, product=IPHONE 13 PRO, email=amit123@gmail.com}]]>
              </value>
            </param>
          </params>
          <reporter-output>
          </reporter-output>
        </test-method> <!-- productSelection -->
        <test-method is-config="true" signature="tearDown()[pri:0, instance:testComponenents.EndToEndTest@7a35b0f5]" started-at="2023-09-26T13:53:29 IST" name="tearDown" finished-at="2023-09-26T13:53:30 IST" duration-ms="383" status="PASS">
          <reporter-output>
          </reporter-output>
        </test-method> <!-- tearDown -->
      </class> <!-- testComponenents.EndToEndTest -->
    </test> <!-- End To End Test -->
  </suite> <!-- Suite -->
</testng-results>
